2015-12-10 10:17:20,758 [Worker-1] INFO  o.e.m.c.i.i.nexus.NexusIndexManager - Updating index for repository: central|http://repo1.maven.org/maven2
2015-12-10 10:18:29,879 [Worker-1] ERROR o.e.m.c.i.i.nexus.NexusIndexManager - Unable to update index for central|http://repo1.maven.org/maven2
java.io.IOException: No response received after 60000
	at org.eclipse.m2e.core.internal.index.nexus.AsyncFetcher$PipedErrorInputStream.checkError(AsyncFetcher.java:252) ~[org.eclipse.m2e.core_1.0.0.me201211011550.jar:na]
	at org.eclipse.m2e.core.internal.index.nexus.AsyncFetcher$PipedErrorInputStream.read(AsyncFetcher.java:260) ~[org.eclipse.m2e.core_1.0.0.me201211011550.jar:na]
	at java.io.PipedInputStream.read(PipedInputStream.java:361) ~[na:1.6.0_13]
	at java.io.InputStream.read(InputStream.java:85) ~[na:1.6.0_13]
	at org.codehaus.plexus.util.IOUtil.copy(IOUtil.java:188) ~[plexus-utils-2.0.6.jar:na]
	at org.codehaus.plexus.util.IOUtil.copy(IOUtil.java:174) ~[plexus-utils-2.0.6.jar:na]
	at org.codehaus.plexus.util.FileUtils.copyStreamToFile(FileUtils.java:1143) ~[plexus-utils-2.0.6.jar:na]
	at org.apache.maven.index.updater.DefaultIndexUpdater$LocalCacheIndexAdaptor.addIndexChunk(DefaultIndexUpdater.java:688) ~[indexer-core-3.1.0.jar:3.1.0]
	at org.apache.maven.index.updater.DefaultIndexUpdater.fetchAndUpdateIndex(DefaultIndexUpdater.java:803) ~[indexer-core-3.1.0.jar:3.1.0]
	at org.apache.maven.index.updater.DefaultIndexUpdater.fetchAndUpdateIndex(DefaultIndexUpdater.java:135) ~[indexer-core-3.1.0.jar:3.1.0]
	at org.eclipse.m2e.core.internal.index.nexus.NexusIndexManager.updateRemoteIndex(NexusIndexManager.java:1126) [org.eclipse.m2e.core_1.0.0.me201211011550.jar:na]
	at org.eclipse.m2e.core.internal.index.nexus.NexusIndexManager.updateIndex(NexusIndexManager.java:1083) [org.eclipse.m2e.core_1.0.0.me201211011550.jar:na]
	at org.eclipse.m2e.core.internal.index.nexus.NexusIndexManager$1.run(NexusIndexManager.java:660) [org.eclipse.m2e.core_1.0.0.me201211011550.jar:na]
	at org.eclipse.m2e.core.internal.index.nexus.IndexUpdaterJob.run(IndexUpdaterJob.java:71) [org.eclipse.m2e.core_1.0.0.me201211011550.jar:na]
	at org.eclipse.core.internal.jobs.Worker.run(Worker.java:54) [org.eclipse.core.jobs_3.5.101.v20120113-1953.jar:na]
java.util.concurrent.TimeoutException: No response received after 60000
	at com.ning.http.client.providers.netty.NettyAsyncHttpProvider$ReaperFuture.run(NettyAsyncHttpProvider.java:1773) ~[na:na]
	at java.util.concurrent.Executors$RunnableAdapter.call(Executors.java:441) ~[na:1.6.0_13]
	at java.util.concurrent.FutureTask$Sync.innerRunAndReset(FutureTask.java:317) ~[na:1.6.0_13]
	at java.util.concurrent.FutureTask.runAndReset(FutureTask.java:150) ~[na:1.6.0_13]
	at java.util.concurrent.ScheduledThreadPoolExecutor$ScheduledFutureTask.access$101(ScheduledThreadPoolExecutor.java:98) ~[na:1.6.0_13]
	at java.util.concurrent.ScheduledThreadPoolExecutor$ScheduledFutureTask.runPeriodic(ScheduledThreadPoolExecutor.java:181) ~[na:1.6.0_13]
	at java.util.concurrent.ScheduledThreadPoolExecutor$ScheduledFutureTask.run(ScheduledThreadPoolExecutor.java:205) ~[na:1.6.0_13]
	at java.util.concurrent.ThreadPoolExecutor$Worker.runTask(ThreadPoolExecutor.java:886) ~[na:1.6.0_13]
	at java.util.concurrent.ThreadPoolExecutor$Worker.run(ThreadPoolExecutor.java:908) ~[na:1.6.0_13]
	at java.lang.Thread.run(Thread.java:619) ~[na:1.6.0_13]
2015-12-10 10:18:29,886 [Worker-1] INFO  o.e.m.c.i.i.nexus.NexusIndexManager - Updating index for repository: nexus|http://nexus.teemax.com.cn/content/groups/public/
2015-12-10 10:19:27,825 [Worker-1] ERROR o.e.m.c.i.i.nexus.NexusIndexManager - Unable to update index for nexus|http://nexus.teemax.com.cn/content/groups/public/
java.io.IOException: Remotely Closed [id: 0x42feff22, /192.168.1.106:8567 :> nexus.teemax.com.cn/220.250.64.20:80]
	at org.eclipse.m2e.core.internal.index.nexus.AsyncFetcher$PipedErrorInputStream.checkError(AsyncFetcher.java:252) ~[org.eclipse.m2e.core_1.0.0.me201211011550.jar:na]
	at org.eclipse.m2e.core.internal.index.nexus.AsyncFetcher$PipedErrorInputStream.read(AsyncFetcher.java:260) ~[org.eclipse.m2e.core_1.0.0.me201211011550.jar:na]
	at java.io.PipedInputStream.read(PipedInputStream.java:361) ~[na:1.6.0_13]
	at java.io.InputStream.read(InputStream.java:85) ~[na:1.6.0_13]
	at java.util.Properties$LineReader.readLine(Properties.java:418) ~[na:1.6.0_13]
	at java.util.Properties.load0(Properties.java:337) ~[na:1.6.0_13]
	at java.util.Properties.load(Properties.java:325) ~[na:1.6.0_13]
	at org.apache.maven.index.updater.DefaultIndexUpdater.downloadIndexProperties(DefaultIndexUpdater.java:457) ~[indexer-core-3.1.0.jar:3.1.0]
	at org.apache.maven.index.updater.DefaultIndexUpdater.access$100(DefaultIndexUpdater.java:75) ~[indexer-core-3.1.0.jar:3.1.0]
	at org.apache.maven.index.updater.DefaultIndexUpdater$IndexAdaptor.setProperties(DefaultIndexUpdater.java:607) ~[indexer-core-3.1.0.jar:3.1.0]
	at org.apache.maven.index.updater.DefaultIndexUpdater.fetchAndUpdateIndex(DefaultIndexUpdater.java:788) ~[indexer-core-3.1.0.jar:3.1.0]
	at org.apache.maven.index.updater.DefaultIndexUpdater.fetchAndUpdateIndex(DefaultIndexUpdater.java:135) ~[indexer-core-3.1.0.jar:3.1.0]
	at org.eclipse.m2e.core.internal.index.nexus.NexusIndexManager.updateRemoteIndex(NexusIndexManager.java:1126) [org.eclipse.m2e.core_1.0.0.me201211011550.jar:na]
	at org.eclipse.m2e.core.internal.index.nexus.NexusIndexManager.updateIndex(NexusIndexManager.java:1083) [org.eclipse.m2e.core_1.0.0.me201211011550.jar:na]
	at org.eclipse.m2e.core.internal.index.nexus.NexusIndexManager$1.run(NexusIndexManager.java:660) [org.eclipse.m2e.core_1.0.0.me201211011550.jar:na]
	at org.eclipse.m2e.core.internal.index.nexus.IndexUpdaterJob.run(IndexUpdaterJob.java:71) [org.eclipse.m2e.core_1.0.0.me201211011550.jar:na]
	at org.eclipse.core.internal.jobs.Worker.run(Worker.java:54) [org.eclipse.core.jobs_3.5.101.v20120113-1953.jar:na]
java.io.IOException: Remotely Closed [id: 0x42feff22, /192.168.1.106:8567 :> nexus.teemax.com.cn/220.250.64.20:80]
	at com.ning.http.client.providers.netty.NettyAsyncHttpProvider.channelClosed(NettyAsyncHttpProvider.java:1361) ~[na:na]
	at org.jboss.netty.channel.SimpleChannelUpstreamHandler.handleUpstream(SimpleChannelUpstreamHandler.java:98) ~[na:na]
	at org.jboss.netty.channel.DefaultChannelPipeline.sendUpstream(DefaultChannelPipeline.java:545) ~[na:na]
	at org.jboss.netty.channel.DefaultChannelPipeline$DefaultChannelHandlerContext.sendUpstream(DefaultChannelPipeline.java:754) ~[na:na]
	at org.jboss.netty.handler.stream.ChunkedWriteHandler.handleUpstream(ChunkedWriteHandler.java:148) ~[na:na]
	at org.jboss.netty.channel.DefaultChannelPipeline.sendUpstream(DefaultChannelPipeline.java:545) ~[na:na]
	at org.jboss.netty.channel.DefaultChannelPipeline$DefaultChannelHandlerContext.sendUpstream(DefaultChannelPipeline.java:754) ~[na:na]
	at org.jboss.netty.channel.SimpleChannelUpstreamHandler.channelClosed(SimpleChannelUpstreamHandler.java:208) ~[na:na]
	at org.jboss.netty.channel.SimpleChannelUpstreamHandler.handleUpstream(SimpleChannelUpstreamHandler.java:98) ~[na:na]
	at org.jboss.netty.channel.DefaultChannelPipeline.sendUpstream(DefaultChannelPipeline.java:545) ~[na:na]
	at org.jboss.netty.channel.DefaultChannelPipeline$DefaultChannelHandlerContext.sendUpstream(DefaultChannelPipeline.java:754) ~[na:na]
	at org.jboss.netty.handler.codec.replay.ReplayingDecoder.cleanup(ReplayingDecoder.java:554) ~[na:na]
	at org.jboss.netty.handler.codec.replay.ReplayingDecoder.channelClosed(ReplayingDecoder.java:455) ~[na:na]
	at org.jboss.netty.channel.SimpleChannelUpstreamHandler.handleUpstream(SimpleChannelUpstreamHandler.java:98) ~[na:na]
	at org.jboss.netty.handler.codec.http.HttpClientCodec.handleUpstream(HttpClientCodec.java:77) ~[na:na]
	at org.jboss.netty.channel.DefaultChannelPipeline.sendUpstream(DefaultChannelPipeline.java:545) ~[na:na]
	at org.jboss.netty.channel.DefaultChannelPipeline.sendUpstream(DefaultChannelPipeline.java:540) ~[na:na]
	at org.jboss.netty.channel.Channels.fireChannelClosed(Channels.java:404) ~[na:na]
	at org.jboss.netty.channel.socket.nio.NioWorker.close(NioWorker.java:593) ~[na:na]
	at org.jboss.netty.channel.socket.nio.NioWorker.read(NioWorker.java:355) ~[na:na]
	at org.jboss.netty.channel.socket.nio.NioWorker.processSelectedKeys(NioWorker.java:280) ~[na:na]
	at org.jboss.netty.channel.socket.nio.NioWorker.run(NioWorker.java:200) ~[na:na]
	at org.jboss.netty.util.ThreadRenamingRunnable.run(ThreadRenamingRunnable.java:108) ~[na:na]
	at org.jboss.netty.util.internal.DeadLockProofWorker$1.run(DeadLockProofWorker.java:44) ~[na:na]
	at java.util.concurrent.ThreadPoolExecutor$Worker.runTask(ThreadPoolExecutor.java:886) ~[na:1.6.0_13]
	at java.util.concurrent.ThreadPoolExecutor$Worker.run(ThreadPoolExecutor.java:908) ~[na:1.6.0_13]
	at java.lang.Thread.run(Thread.java:619) ~[na:1.6.0_13]
